03:58:45 **** Rebuild of configuration Debug for project ex1 ****
Info: Internal Builder is used for build
gcc -O0 -g3 -Wall -c -fmessage-length=0 -o Example1.o "..\\Example1.c" 
..\Example1.c:9:6: warning: return type of 'main' is not 'int' [-Wmain]
 void main ()
      ^~~~
gcc -o ex1.exe Example1.o 
03:58:46 **** Rebuild of configuration Debug for project ex2 ****
Info: Internal Builder is used for build
gcc -O0 -g3 -Wall -c -fmessage-length=0 -o Example2.o "..\\Example2.c" 
gcc -o ex2.exe Example2.o 
c:/mingw/bin/../lib/gcc/mingw32/6.3.0/../../../libmingw32.a(main.o):(.text.startup+0xa0): undefined reference to `WinMain@16'
collect2.exe: error: ld returned 1 exit status
03:58:46 **** Rebuild of configuration Debug for project ex3 ****
Info: Internal Builder is used for build
gcc -O0 -g3 -Wall -c -fmessage-length=0 -o Example3.o "..\\Example3.c" 
gcc -o ex3.exe Example3.o 
c:/mingw/bin/../lib/gcc/mingw32/6.3.0/../../../libmingw32.a(main.o):(.text.startup+0xa0): undefined reference to `WinMain@16'
collect2.exe: error: ld returned 1 exit status
Info: Nothing to build for ex1
Info: Nothing to build for ex1
03:59:09 **** Incremental Build of configuration Debug for project ex2 ****
Info: Internal Builder is used for build
gcc -o ex2.exe Example2.o 
c:/mingw/bin/../lib/gcc/mingw32/6.3.0/../../../libmingw32.a(main.o):(.text.startup+0xa0): undefined reference to `WinMain@16'
collect2.exe: error: ld returned 1 exit status
03:59:09 **** Incremental Build of configuration Debug for project ex3 ****
Info: Internal Builder is used for build
gcc -o ex3.exe Example3.o 
c:/mingw/bin/../lib/gcc/mingw32/6.3.0/../../../libmingw32.a(main.o):(.text.startup+0xa0): undefined reference to `WinMain@16'
collect2.exe: error: ld returned 1 exit status
Info: Nothing to build for ex1
03:59:54 **** Incremental Build of configuration Debug for project ex1 ****
Info: Internal Builder is used for build
gcc -O0 -g3 -Wall -c -fmessage-length=0 -o Example1.o "..\\Example1.c" 
..\Example1.c:9:6: warning: return type of 'main' is not 'int' [-Wmain]
 void main ()
      ^~~~
gcc -o ex1.exe Example1.o 
c:/mingw/bin/../lib/gcc/mingw32/6.3.0/../../../../mingw32/bin/ld.exe: cannot open output file ex1.exe: Permission denied
collect2.exe: error: ld returned 1 exit status
03:59:54 **** Incremental Build of configuration Debug for project ex2 ****
Info: Internal Builder is used for build
gcc -o ex2.exe Example2.o 
c:/mingw/bin/../lib/gcc/mingw32/6.3.0/../../../libmingw32.a(main.o):(.text.startup+0xa0): undefined reference to `WinMain@16'
collect2.exe: error: ld returned 1 exit status
03:59:55 **** Incremental Build of configuration Debug for project ex3 ****
Info: Internal Builder is used for build
gcc -o ex3.exe Example3.o 
c:/mingw/bin/../lib/gcc/mingw32/6.3.0/../../../libmingw32.a(main.o):(.text.startup+0xa0): undefined reference to `WinMain@16'
collect2.exe: error: ld returned 1 exit status
03:59:56 **** Incremental Build of configuration Debug for project ex1 ****
Info: Internal Builder is used for build
gcc -o ex1.exe Example1.o 
c:/mingw/bin/../lib/gcc/mingw32/6.3.0/../../../../mingw32/bin/ld.exe: cannot open output file ex1.exe: Permission denied
collect2.exe: error: ld returned 1 exit status
04:00:00 **** Incremental Build of configuration Debug for project ex1 ****
Info: Internal Builder is used for build
gcc -o ex1.exe Example1.o 
c:/mingw/bin/../lib/gcc/mingw32/6.3.0/../../../../mingw32/bin/ld.exe: cannot open output file ex1.exe: Permission denied
collect2.exe: error: ld returned 1 exit status
04:00:06 **** Incremental Build of configuration Debug for project ex1 ****
Info: Internal Builder is used for build
gcc -o ex1.exe Example1.o 
c:/mingw/bin/../lib/gcc/mingw32/6.3.0/../../../../mingw32/bin/ld.exe: cannot open output file ex1.exe: Permission denied
collect2.exe: error: ld returned 1 exit status
04:00:06 **** Incremental Build of configuration Debug for project ex2 ****
Info: Internal Builder is used for build
gcc -o ex2.exe Example2.o 
c:/mingw/bin/../lib/gcc/mingw32/6.3.0/../../../libmingw32.a(main.o):(.text.startup+0xa0): undefined reference to `WinMain@16'
collect2.exe: error: ld returned 1 exit status
04:00:07 **** Incremental Build of configuration Debug for project ex3 ****
Info: Internal Builder is used for build
gcc -o ex3.exe Example3.o 
c:/mingw/bin/../lib/gcc/mingw32/6.3.0/../../../libmingw32.a(main.o):(.text.startup+0xa0): undefined reference to `WinMain@16'
collect2.exe: error: ld returned 1 exit status
04:00:09 **** Incremental Build of configuration Debug for project ex1 ****
Info: Internal Builder is used for build
gcc -o ex1.exe Example1.o 
c:/mingw/bin/../lib/gcc/mingw32/6.3.0/../../../../mingw32/bin/ld.exe: cannot open output file ex1.exe: Permission denied
collect2.exe: error: ld returned 1 exit status
04:00:44 **** Incremental Build of configuration Debug for project ex1 ****
Info: Internal Builder is used for build
gcc -o ex1.exe Example1.o 
04:00:44 **** Incremental Build of configuration Debug for project ex2 ****
Info: Internal Builder is used for build
gcc -o ex2.exe Example2.o 
c:/mingw/bin/../lib/gcc/mingw32/6.3.0/../../../libmingw32.a(main.o):(.text.startup+0xa0): undefined reference to `WinMain@16'
collect2.exe: error: ld returned 1 exit status
04:00:44 **** Incremental Build of configuration Debug for project ex3 ****
Info: Internal Builder is used for build
gcc -o ex3.exe Example3.o 
c:/mingw/bin/../lib/gcc/mingw32/6.3.0/../../../libmingw32.a(main.o):(.text.startup+0xa0): undefined reference to `WinMain@16'
collect2.exe: error: ld returned 1 exit status
Info: Nothing to build for ex1
Info: Nothing to build for ex1
04:02:06 **** Incremental Build of configuration Debug for project ex2 ****
Info: Internal Builder is used for build
gcc -o ex2.exe Example2.o 
c:/mingw/bin/../lib/gcc/mingw32/6.3.0/../../../libmingw32.a(main.o):(.text.startup+0xa0): undefined reference to `WinMain@16'
collect2.exe: error: ld returned 1 exit status
04:02:06 **** Incremental Build of configuration Debug for project ex3 ****
Info: Internal Builder is used for build
gcc -o ex3.exe Example3.o 
c:/mingw/bin/../lib/gcc/mingw32/6.3.0/../../../libmingw32.a(main.o):(.text.startup+0xa0): undefined reference to `WinMain@16'
collect2.exe: error: ld returned 1 exit status
Info: Nothing to build for ex1
Info: Nothing to build for ex1
04:02:50 **** Incremental Build of configuration Debug for project ex2 ****
Info: Internal Builder is used for build
gcc -o ex2.exe Example2.o 
c:/mingw/bin/../lib/gcc/mingw32/6.3.0/../../../libmingw32.a(main.o):(.text.startup+0xa0): undefined reference to `WinMain@16'
collect2.exe: error: ld returned 1 exit status
04:02:50 **** Incremental Build of configuration Debug for project ex3 ****
Info: Internal Builder is used for build
gcc -o ex3.exe Example3.o 
c:/mingw/bin/../lib/gcc/mingw32/6.3.0/../../../libmingw32.a(main.o):(.text.startup+0xa0): undefined reference to `WinMain@16'
collect2.exe: error: ld returned 1 exit status
Info: Nothing to build for ex1
04:02:53 **** Incremental Build of configuration Debug for project ex2 ****
Info: Internal Builder is used for build
gcc -o ex2.exe Example2.o 
c:/mingw/bin/../lib/gcc/mingw32/6.3.0/../../../libmingw32.a(main.o):(.text.startup+0xa0): undefined reference to `WinMain@16'
collect2.exe: error: ld returned 1 exit status
04:02:54 **** Incremental Build of configuration Debug for project ex3 ****
Info: Internal Builder is used for build
gcc -o ex3.exe Example3.o 
c:/mingw/bin/../lib/gcc/mingw32/6.3.0/../../../libmingw32.a(main.o):(.text.startup+0xa0): undefined reference to `WinMain@16'
collect2.exe: error: ld returned 1 exit status
Info: Nothing to build for ex1
04:02:55 **** Incremental Build of configuration Debug for project ex2 ****
Info: Internal Builder is used for build
gcc -o ex2.exe Example2.o 
c:/mingw/bin/../lib/gcc/mingw32/6.3.0/../../../libmingw32.a(main.o):(.text.startup+0xa0): undefined reference to `WinMain@16'
collect2.exe: error: ld returned 1 exit status
04:02:55 **** Incremental Build of configuration Debug for project ex3 ****
Info: Internal Builder is used for build
gcc -o ex3.exe Example3.o 
c:/mingw/bin/../lib/gcc/mingw32/6.3.0/../../../libmingw32.a(main.o):(.text.startup+0xa0): undefined reference to `WinMain@16'
collect2.exe: error: ld returned 1 exit status
Info: Nothing to build for ex1
04:03:31 **** Incremental Build of configuration Debug for project ex1 ****
Info: Internal Builder is used for build
gcc -O0 -g3 -Wall -c -fmessage-length=0 -o Example1.o "..\\Example1.c" 
..\Example1.c:9:6: warning: return type of 'main' is not 'int' [-Wmain]
 void main ()
      ^~~~
gcc -o ex1.exe Example1.o 
c:/mingw/bin/../lib/gcc/mingw32/6.3.0/../../../../mingw32/bin/ld.exe: cannot open output file ex1.exe: Permission denied
collect2.exe: error: ld returned 1 exit status
04:03:31 **** Incremental Build of configuration Debug for project ex2 ****
Info: Internal Builder is used for build
gcc -o ex2.exe Example2.o 
c:/mingw/bin/../lib/gcc/mingw32/6.3.0/../../../libmingw32.a(main.o):(.text.startup+0xa0): undefined reference to `WinMain@16'
collect2.exe: error: ld returned 1 exit status
04:03:32 **** Incremental Build of configuration Debug for project ex3 ****
Info: Internal Builder is used for build
gcc -o ex3.exe Example3.o 
c:/mingw/bin/../lib/gcc/mingw32/6.3.0/../../../libmingw32.a(main.o):(.text.startup+0xa0): undefined reference to `WinMain@16'
collect2.exe: error: ld returned 1 exit status
04:03:35 **** Incremental Build of configuration Debug for project ex1 ****
Info: Internal Builder is used for build
gcc -o ex1.exe Example1.o 
c:/mingw/bin/../lib/gcc/mingw32/6.3.0/../../../../mingw32/bin/ld.exe: cannot open output file ex1.exe: Permission denied
collect2.exe: error: ld returned 1 exit status
04:03:56 **** Incremental Build of configuration Debug for project ex1 ****
Info: Internal Builder is used for build
gcc -o ex1.exe Example1.o 
04:03:56 **** Incremental Build of configuration Debug for project ex2 ****
Info: Internal Builder is used for build
gcc -o ex2.exe Example2.o 
c:/mingw/bin/../lib/gcc/mingw32/6.3.0/../../../libmingw32.a(main.o):(.text.startup+0xa0): undefined reference to `WinMain@16'
collect2.exe: error: ld returned 1 exit status
04:03:57 **** Incremental Build of configuration Debug for project ex3 ****
Info: Internal Builder is used for build
gcc -o ex3.exe Example3.o 
c:/mingw/bin/../lib/gcc/mingw32/6.3.0/../../../libmingw32.a(main.o):(.text.startup+0xa0): undefined reference to `WinMain@16'
collect2.exe: error: ld returned 1 exit status
Info: Nothing to build for ex1
04:05:15 **** Incremental Build of configuration Debug for project ex1 ****
Info: Internal Builder is used for build
gcc -O0 -g3 -Wall -c -fmessage-length=0 -o Example1.o "..\\Example1.c" 
..\Example1.c:9:6: warning: return type of 'main' is not 'int' [-Wmain]
 void main ()
      ^~~~
gcc -o ex1.exe Example1.o 
04:05:15 **** Incremental Build of configuration Debug for project ex2 ****
Info: Internal Builder is used for build
gcc -o ex2.exe Example2.o 
c:/mingw/bin/../lib/gcc/mingw32/6.3.0/../../../libmingw32.a(main.o):(.text.startup+0xa0): undefined reference to `WinMain@16'
collect2.exe: error: ld returned 1 exit status
04:05:16 **** Incremental Build of configuration Debug for project ex3 ****
Info: Internal Builder is used for build
gcc -o ex3.exe Example3.o 
c:/mingw/bin/../lib/gcc/mingw32/6.3.0/../../../libmingw32.a(main.o):(.text.startup+0xa0): undefined reference to `WinMain@16'
collect2.exe: error: ld returned 1 exit status
Info: Nothing to build for ex1
04:05:39 **** Incremental Build of configuration Debug for project ex1 ****
Info: Internal Builder is used for build
gcc -O0 -g3 -Wall -c -fmessage-length=0 -o Example1.o "..\\Example1.c" 
..\Example1.c:9:6: warning: return type of 'main' is not 'int' [-Wmain]
 void main ()
      ^~~~
gcc -o ex1.exe Example1.o 
04:05:39 **** Incremental Build of configuration Debug for project ex2 ****
Info: Internal Builder is used for build
gcc -o ex2.exe Example2.o 
c:/mingw/bin/../lib/gcc/mingw32/6.3.0/../../../libmingw32.a(main.o):(.text.startup+0xa0): undefined reference to `WinMain@16'
collect2.exe: error: ld returned 1 exit status
04:05:39 **** Incremental Build of configuration Debug for project ex3 ****
Info: Internal Builder is used for build
gcc -o ex3.exe Example3.o 
c:/mingw/bin/../lib/gcc/mingw32/6.3.0/../../../libmingw32.a(main.o):(.text.startup+0xa0): undefined reference to `WinMain@16'
collect2.exe: error: ld returned 1 exit status
Info: Nothing to build for ex1
Info: Nothing to build for ex1
Info: Nothing to build for ex1
04:10:27 **** Incremental Build of configuration Debug for project ex2 ****
Info: Internal Builder is used for build
gcc -O0 -g3 -Wall -c -fmessage-length=0 -o Example2.o "..\\Example2.c" 
..\Example2.c:9:6: warning: return type of 'main' is not 'int' [-Wmain]
 void main ()
      ^~~~
gcc -o ex2.exe Example2.o 
04:10:27 **** Incremental Build of configuration Debug for project ex3 ****
Info: Internal Builder is used for build
gcc -o ex3.exe Example3.o 
c:/mingw/bin/../lib/gcc/mingw32/6.3.0/../../../libmingw32.a(main.o):(.text.startup+0xa0): undefined reference to `WinMain@16'
collect2.exe: error: ld returned 1 exit status
Info: Nothing to build for ex2
Info: Nothing to build for ex1
Info: Nothing to build for ex2
04:24:07 **** Incremental Build of configuration Debug for project ex3 ****
Info: Internal Builder is used for build
gcc -O0 -g3 -Wall -c -fmessage-length=0 -o Example3.o "..\\Example3.c" 
..\Example3.c:10:6: warning: return type of 'main' is not 'int' [-Wmain]
 void main ()
      ^~~~
..\Example3.c: In function 'main':
..\Example3.c:20:4: warning: implicit declaration of function 'strln' [-Wimplicit-function-declaration]
  j=strln(c)-1;// set j with length-1  to implement the last character in array
    ^~~~~
gcc -o ex3.exe Example3.o 
Example3.o: In function `main':
G:\Embedded Systems Diploma\git\Embedded_Systems_Online_Diploma\C_programming\Arrays&Strings\Strings Homework\ex3\Debug/../Example3.c:20: undefined reference to `strln'
collect2.exe: error: ld returned 1 exit status
Info: Nothing to build for ex1
Info: Nothing to build for ex2
04:24:58 **** Incremental Build of configuration Debug for project ex3 ****
Info: Internal Builder is used for build
gcc -O0 -g3 -Wall -c -fmessage-length=0 -o Example3.o "..\\Example3.c" 
..\Example3.c:10:6: warning: return type of 'main' is not 'int' [-Wmain]
 void main ()
      ^~~~
..\Example3.c: In function 'main':
..\Example3.c:20:4: warning: implicit declaration of function 'strln' [-Wimplicit-function-declaration]
  j=strln(c);// set j with length-1  to implement the last character in array
    ^~~~~
gcc -o ex3.exe Example3.o 
Example3.o: In function `main':
G:\Embedded Systems Diploma\git\Embedded_Systems_Online_Diploma\C_programming\Arrays&Strings\Strings Homework\ex3\Debug/../Example3.c:20: undefined reference to `strln'
collect2.exe: error: ld returned 1 exit status
Info: Nothing to build for ex1
Info: Nothing to build for ex2
04:25:05 **** Incremental Build of configuration Debug for project ex3 ****
Info: Internal Builder is used for build
gcc -o ex3.exe Example3.o 
Example3.o: In function `main':
G:\Embedded Systems Diploma\git\Embedded_Systems_Online_Diploma\C_programming\Arrays&Strings\Strings Homework\ex3\Debug/../Example3.c:20: undefined reference to `strln'
collect2.exe: error: ld returned 1 exit status
Info: Nothing to build for ex1
Info: Nothing to build for ex2
04:25:07 **** Incremental Build of configuration Debug for project ex3 ****
Info: Internal Builder is used for build
gcc -o ex3.exe Example3.o 
Example3.o: In function `main':
G:\Embedded Systems Diploma\git\Embedded_Systems_Online_Diploma\C_programming\Arrays&Strings\Strings Homework\ex3\Debug/../Example3.c:20: undefined reference to `strln'
collect2.exe: error: ld returned 1 exit status
Info: Nothing to build for ex1
Info: Nothing to build for ex2
04:26:01 **** Incremental Build of configuration Debug for project ex3 ****
Info: Internal Builder is used for build
gcc -O0 -g3 -Wall -c -fmessage-length=0 -o Example3.o "..\\Example3.c" 
..\Example3.c:10:6: warning: return type of 'main' is not 'int' [-Wmain]
 void main ()
      ^~~~
gcc -o ex3.exe Example3.o 
Info: Nothing to build for ex3
20:45:56 **** Incremental Build of configuration Debug for project ex1 ****
Info: Internal Builder is used for build
gcc -O0 -g3 -Wall -c -fmessage-length=0 -o Example1.o "..\\Example1.c" 
gcc -o ex1.exe Example1.o 
20:45:56 **** Incremental Build of configuration Debug for project ex2 ****
Info: Internal Builder is used for build
gcc -O0 -g3 -Wall -c -fmessage-length=0 -o Example2.o "..\\Example2.c" 
..\Example2.c:9:6: warning: return type of 'main' is not 'int' [-Wmain]
 void main ()
      ^~~~
gcc -o ex2.exe Example2.o 
Info: Nothing to build for ex3
Info: Nothing to build for ex1
Info: Nothing to build for ex1
20:46:57 **** Incremental Build of configuration Debug for project ex2 ****
Info: Internal Builder is used for build
gcc -O0 -g3 -Wall -c -fmessage-length=0 -o Example2.o "..\\Example2.c" 
gcc -o ex2.exe Example2.o 
Info: Nothing to build for ex3
Info: Nothing to build for ex2
Info: Nothing to build for ex1
Info: Nothing to build for ex2
20:48:01 **** Incremental Build of configuration Debug for project ex3 ****
Info: Internal Builder is used for build
gcc -O0 -g3 -Wall -c -fmessage-length=0 -o Example3.o "..\\Example3.c" 
gcc -o ex3.exe Example3.o 
Info: Nothing to build for ex3
