14:59:29 **** Rebuild of configuration Debug for project ex1 ****
Info: Internal Builder is used for build
gcc -O0 -g3 -Wall -c -fmessage-length=0 -o Example1.o "..\\Example1.c" 
..\Example1.c:11:6: warning: return type of 'main' is not 'int' [-Wmain]
 void main ()
      ^~~~
..\Example1.c: In function 'main':
..\Example1.c:25:12: warning: format '%d' expects argument of type 'int *', but argument 2 has type 'float *' [-Wformat=]
    scanf("%d",&matrix_a[i][j]);
            ^
..\Example1.c:15:8: warning: unused variable 'matrix_sum' [-Wunused-variable]
  float matrix_sum [2][2]; // declaring a matrix to save the sum in it
        ^~~~~~~~~~
..\Example1.c:14:8: warning: unused variable 'matrix_b' [-Wunused-variable]
  float matrix_b [2][2]; // declaring the second matrix
        ^~~~~~~~
gcc -o ex1.exe Example1.o 
14:59:53 **** Incremental Build of configuration Debug for project ex1 ****
Info: Internal Builder is used for build
gcc -O0 -g3 -Wall -c -fmessage-length=0 -o Example1.o "..\\Example1.c" 
..\Example1.c:11:6: warning: return type of 'main' is not 'int' [-Wmain]
 void main ()
      ^~~~
..\Example1.c: In function 'main':
..\Example1.c:15:8: warning: unused variable 'matrix_sum' [-Wunused-variable]
  float matrix_sum [2][2]; // declaring a matrix to save the sum in it
        ^~~~~~~~~~
..\Example1.c:14:8: warning: unused variable 'matrix_b' [-Wunused-variable]
  float matrix_b [2][2]; // declaring the second matrix
        ^~~~~~~~
gcc -o ex1.exe Example1.o 
Info: Nothing to build for ex1
15:00:29 **** Incremental Build of configuration Debug for project ex1 ****
Info: Internal Builder is used for build
gcc -O0 -g3 -Wall -c -fmessage-length=0 -o Example1.o "..\\Example1.c" 
..\Example1.c:11:6: warning: return type of 'main' is not 'int' [-Wmain]
 void main ()
      ^~~~
..\Example1.c: In function 'main':
..\Example1.c:15:8: warning: unused variable 'matrix_sum' [-Wunused-variable]
  float matrix_sum [2][2]; // declaring a matrix to save the sum in it
        ^~~~~~~~~~
..\Example1.c:14:8: warning: unused variable 'matrix_b' [-Wunused-variable]
  float matrix_b [2][2]; // declaring the second matrix
        ^~~~~~~~
gcc -o ex1.exe Example1.o 
Info: Nothing to build for ex1
15:01:01 **** Incremental Build of configuration Debug for project ex1 ****
Info: Internal Builder is used for build
gcc -O0 -g3 -Wall -c -fmessage-length=0 -o Example1.o "..\\Example1.c" 
..\Example1.c:11:6: warning: return type of 'main' is not 'int' [-Wmain]
 void main ()
      ^~~~
..\Example1.c: In function 'main':
..\Example1.c:15:8: warning: unused variable 'matrix_sum' [-Wunused-variable]
  float matrix_sum [2][2]; // declaring a matrix to save the sum in it
        ^~~~~~~~~~
..\Example1.c:14:8: warning: unused variable 'matrix_b' [-Wunused-variable]
  float matrix_b [2][2]; // declaring the second matrix
        ^~~~~~~~
gcc -o ex1.exe Example1.o 
Info: Nothing to build for ex1
15:13:02 **** Incremental Build of configuration Debug for project ex1 ****
Info: Internal Builder is used for build
gcc -O0 -g3 -Wall -c -fmessage-length=0 -o Example1.o "..\\Example1.c" 
..\Example1.c:11:6: warning: return type of 'main' is not 'int' [-Wmain]
 void main ()
      ^~~~
..\Example1.c: In function 'main':
..\Example1.c:53:13: warning: format '%d' expects argument of type 'int', but argument 2 has type 'double' [-Wformat=]
    printf("%d\t",matrix_sum[i][j]); // print to user each element of sum
             ^
gcc -o ex1.exe Example1.o 
Info: Nothing to build for ex1
Info: Nothing to build for ex1
Info: Nothing to build for ex1
15:16:19 **** Incremental Build of configuration Debug for project ex1 ****
Info: Internal Builder is used for build
gcc -O0 -g3 -Wall -c -fmessage-length=0 -o Example1.o "..\\Example1.c" 
..\Example1.c:11:6: warning: return type of 'main' is not 'int' [-Wmain]
 void main ()
      ^~~~
..\Example1.c: In function 'main':
..\Example1.c:53:11: warning: missing terminating " character
    printf("%f /*---------------------- reading the first matrix from user ----------------------*/
           ^
..\Example1.c:53:11: error: missing terminating " character
    printf("%f /*---------------------- reading the first matrix from user ----------------------*/
           ^~~~~~~~~~~~~~~~~~~~~~~~~~~~~~~~~~~~~~~~~~~~~~~~~~~~~~~~~~~~~~~~~~~~~~~~~~~~~~~~~~~~~~~~
..\Example1.c:54:46: error: expected ')' before ';' token
  printf("enter the element of 1st matrix \n"); //asking user to enter the first matrix
                                              ^
..\Example1.c:63:3: error: stray '\' in program
  }\t",matrix_sum[i][j]); // print to user each element of sum
   ^
..\Example1.c:63:5: warning: missing terminating " character
  }\t",matrix_sum[i][j]); // print to user each element of sum
     ^
..\Example1.c:63:5: error: missing terminating " character
  }\t",matrix_sum[i][j]); // print to user each element of sum
     ^~~~~~~~~~~~~~~~~~~~~~~~~~~~~~~~~~~~~~~~~~~~~~~~~~~~~~~~~
..\Example1.c:54:2: warning: passing argument 1 of 'printf' makes pointer from integer without a cast [-Wint-conversion]
  printf("enter the element of 1st matrix \n"); //asking user to enter the first matrix
  ^~~~~~
In file included from ..\Example1.c:9:0:
c:\mingw\include\stdio.h:454:38: note: expected 'const char *' but argument is of type 'int'
 _CRTIMP __cdecl __MINGW_NOTHROW  int printf (const char *, ...);
                                      ^~~~~~
..\Example1.c:65:3: error: expected ';' before '}' token
   }
   ^
..\Example1.c:15:8: warning: variable 'matrix_sum' set but not used [-Wunused-but-set-variable]
  float matrix_sum [2][2]; // declaring a matrix to save the sum in it
        ^~~~~~~~~~
15:17:03 **** Incremental Build of configuration Debug for project ex1 ****
Info: Internal Builder is used for build
gcc -O0 -g3 -Wall -c -fmessage-length=0 -o Example1.o "..\\Example1.c" 
..\Example1.c:11:6: warning: return type of 'main' is not 'int' [-Wmain]
 void main ()
      ^~~~
gcc -o ex1.exe Example1.o 
c:/mingw/bin/../lib/gcc/mingw32/6.3.0/../../../../mingw32/bin/ld.exe: cannot open output file ex1.exe: Permission denied
collect2.exe: error: ld returned 1 exit status
15:17:40 **** Incremental Build of configuration Debug for project ex1 ****
Info: Internal Builder is used for build
gcc -o ex1.exe Example1.o 
Info: Nothing to build for ex1
Info: Nothing to build for ex1
Info: Nothing to build for ex1
Info: Nothing to build for ex1
Info: Nothing to build for ex1
15:22:11 **** Incremental Build of configuration Debug for project ex1 ****
Info: Internal Builder is used for build
gcc -O0 -g3 -Wall -c -fmessage-length=0 -o Example1.o "..\\Example1.c" 
..\Example1.c:11:6: warning: return type of 'main' is not 'int' [-Wmain]
 void main ()
      ^~~~
..\Example1.c: In function 'main':
..\Example1.c:53:13: warning: format '%d' expects argument of type 'int', but argument 2 has type 'double' [-Wformat=]
    printf("%d\t",matrix_sum[i][j]); // print to user each element of sum
             ^
gcc -o ex1.exe Example1.o 
c:/mingw/bin/../lib/gcc/mingw32/6.3.0/../../../../mingw32/bin/ld.exe: cannot open output file ex1.exe: Permission denied
collect2.exe: error: ld returned 1 exit status
15:22:37 **** Incremental Build of configuration Debug for project ex1 ****
Info: Internal Builder is used for build
gcc -o ex1.exe Example1.o 
15:23:16 **** Incremental Build of configuration Debug for project ex1 ****
Info: Internal Builder is used for build
gcc -O0 -g3 -Wall -c -fmessage-length=0 -o Example1.o "..\\Example1.c" 
..\Example1.c:11:6: warning: return type of 'main' is not 'int' [-Wmain]
 void main ()
      ^~~~
gcc -o ex1.exe Example1.o 
Info: Nothing to build for ex1
15:38:03 **** Rebuild of configuration Debug for project ex2 ****
Info: Internal Builder is used for build
gcc -O0 -g3 -Wall -c -fmessage-length=0 -o Example2.o "..\\Example2.c" 
..\Example2.c:9:6: warning: return type of 'main' is not 'int' [-Wmain]
 void main()
      ^~~~
gcc -o ex2.exe Example2.o 
Info: Nothing to build for ex2
Info: Nothing to build for ex1
Info: Nothing to build for ex2
19:33:37 **** Rebuild of configuration Debug for project ex3 ****
Info: Internal Builder is used for build
gcc -O0 -g3 -Wall -c -fmessage-length=0 -o Example3.o "..\\Example3.c" 
..\Example3.c:8:6: warning: return type of 'main' is not 'int' [-Wmain]
 void main ()
      ^~~~
..\Example3.c: In function 'main':
..\Example3.c:25:12: warning: format '%f' expects argument of type 'float *', but argument 2 has type 'int *' [-Wformat=]
    scanf("%f",&original_matrix[i][j]);// scanning the value from user
            ^
..\Example3.c:34:13: warning: format '%f' expects argument of type 'double', but argument 2 has type 'int' [-Wformat=]
    printf("%f\t",original_matrix[i][j]); // print to user each element of the original matrix
             ^
..\Example3.c:12:6: warning: unused variable 'transpose_matrix' [-Wunused-variable]
  int transpose_matrix [50][50];// the transpose matrix
      ^~~~~~~~~~~~~~~~
gcc -o ex3.exe Example3.o 
Info: Nothing to build for ex3
Info: Nothing to build for ex3
Info: Nothing to build for ex1
Info: Nothing to build for ex2
19:34:23 **** Incremental Build of configuration Debug for project ex3 ****
Info: Internal Builder is used for build
gcc -O0 -g3 -Wall -c -fmessage-length=0 -o Example3.o "..\\Example3.c" 
..\Example3.c:8:6: warning: return type of 'main' is not 'int' [-Wmain]
 void main ()
      ^~~~
..\Example3.c: In function 'main':
..\Example3.c:25:12: warning: format '%f' expects argument of type 'float *', but argument 2 has type 'int *' [-Wformat=]
    scanf("%f",&original_matrix[i][j]);// scanning the value from user
            ^
..\Example3.c:12:6: warning: unused variable 'transpose_matrix' [-Wunused-variable]
  int transpose_matrix [50][50];// the transpose matrix
      ^~~~~~~~~~~~~~~~
gcc -o ex3.exe Example3.o 
c:/mingw/bin/../lib/gcc/mingw32/6.3.0/../../../../mingw32/bin/ld.exe: cannot open output file ex3.exe: Permission denied
collect2.exe: error: ld returned 1 exit status
19:34:40 **** Incremental Build of configuration Debug for project ex3 ****
Info: Internal Builder is used for build
gcc -o ex3.exe Example3.o 
Info: Nothing to build for ex1
Info: Nothing to build for ex2
19:35:12 **** Incremental Build of configuration Debug for project ex3 ****
Info: Internal Builder is used for build
gcc -O0 -g3 -Wall -c -fmessage-length=0 -o Example3.o "..\\Example3.c" 
..\Example3.c:8:6: warning: return type of 'main' is not 'int' [-Wmain]
 void main ()
      ^~~~
..\Example3.c: In function 'main':
..\Example3.c:12:6: warning: unused variable 'transpose_matrix' [-Wunused-variable]
  int transpose_matrix [50][50];// the transpose matrix
      ^~~~~~~~~~~~~~~~
gcc -o ex3.exe Example3.o 
Info: Nothing to build for ex3
Info: Nothing to build for ex1
Info: Nothing to build for ex2
19:40:30 **** Incremental Build of configuration Debug for project ex3 ****
Info: Internal Builder is used for build
gcc -O0 -g3 -Wall -c -fmessage-length=0 -o Example3.o "..\\Example3.c" 
..\Example3.c:8:6: warning: return type of 'main' is not 'int' [-Wmain]
 void main ()
      ^~~~
gcc -o ex3.exe Example3.o 
Info: Nothing to build for ex3
Info: Nothing to build for ex1
Info: Nothing to build for ex2
19:41:14 **** Incremental Build of configuration Debug for project ex3 ****
Info: Internal Builder is used for build
gcc -O0 -g3 -Wall -c -fmessage-length=0 -o Example3.o "..\\Example3.c" 
..\Example3.c:8:6: warning: return type of 'main' is not 'int' [-Wmain]
 void main ()
      ^~~~
gcc -o ex3.exe Example3.o 
Info: Nothing to build for ex3
Info: Nothing to build for ex3
Info: Nothing to build for ex1
Info: Nothing to build for ex2
Info: Nothing to build for ex3
Info: Nothing to build for ex1
Info: Nothing to build for ex2
19:43:41 **** Incremental Build of configuration Debug for project ex3 ****
Info: Internal Builder is used for build
gcc -O0 -g3 -Wall -c -fmessage-length=0 -o Example3.o "..\\Example3.c" 
..\Example3.c:8:6: warning: return type of 'main' is not 'int' [-Wmain]
 void main ()
      ^~~~
gcc -o ex3.exe Example3.o 
Info: Nothing to build for ex3
Info: Nothing to build for ex1
Info: Nothing to build for ex2
Info: Nothing to build for ex3
20:34:24 **** Rebuild of configuration Debug for project ex4 ****
Info: Internal Builder is used for build
gcc -O0 -g3 -Wall -c -fmessage-length=0 -o Example4.o "..\\Example4.c" 
..\Example4.c:9:6: warning: return type of 'main' is not 'int' [-Wmain]
 void main ()
      ^~~~
gcc -o ex4.exe Example4.o 
Info: Nothing to build for ex4
Info: Nothing to build for ex1
Info: Nothing to build for ex2
Info: Nothing to build for ex3
20:35:20 **** Incremental Build of configuration Debug for project ex4 ****
Info: Internal Builder is used for build
gcc -O0 -g3 -Wall -c -fmessage-length=0 -o Example4.o "..\\Example4.c" 
..\Example4.c:9:6: warning: return type of 'main' is not 'int' [-Wmain]
 void main ()
      ^~~~
..\Example4.c: In function 'main':
..\Example4.c:13:6: warning: unused variable 'i' [-Wunused-variable]
  int i ; // counter
      ^
gcc -o ex4.exe Example4.o 
Info: Nothing to build for ex4
Info: Nothing to build for ex4
Info: Nothing to build for ex1
Info: Nothing to build for ex2
Info: Nothing to build for ex3
20:37:03 **** Incremental Build of configuration Debug for project ex4 ****
Info: Internal Builder is used for build
gcc -O0 -g3 -Wall -c -fmessage-length=0 -o Example4.o "..\\Example4.c" 
..\Example4.c:9:6: warning: return type of 'main' is not 'int' [-Wmain]
 void main ()
      ^~~~
..\Example4.c: In function 'main':
..\Example4.c:20:3: warning: 'i' is used uninitialized in this function [-Wuninitialized]
   printf("element number [%d] : ",i+1); // print to user the number of the element
   ^~~~~~~~~~~~~~~~~~~~~~~~~~~~~~~~~~~~
gcc -o ex4.exe Example4.o 
Info: Nothing to build for ex4
Info: Nothing to build for ex1
Info: Nothing to build for ex2
Info: Nothing to build for ex3
20:37:47 **** Incremental Build of configuration Debug for project ex4 ****
Info: Internal Builder is used for build
gcc -O0 -g3 -Wall -c -fmessage-length=0 -o Example4.o "..\\Example4.c" 
..\Example4.c:9:6: warning: return type of 'main' is not 'int' [-Wmain]
 void main ()
      ^~~~
gcc -o ex4.exe Example4.o 
Info: Nothing to build for ex4
Info: Nothing to build for ex4
Info: Nothing to build for ex1
Info: Nothing to build for ex2
Info: Nothing to build for ex3
20:57:01 **** Incremental Build of configuration Debug for project ex4 ****
Info: Internal Builder is used for build
gcc -O0 -g3 -Wall -c -fmessage-length=0 -o Example4.o "..\\Example4.c" 
..\Example4.c:9:6: warning: return type of 'main' is not 'int' [-Wmain]
 void main ()
      ^~~~
gcc -o ex4.exe Example4.o 
Info: Nothing to build for ex4
Info: Nothing to build for ex1
Info: Nothing to build for ex2
Info: Nothing to build for ex3
20:58:34 **** Incremental Build of configuration Debug for project ex4 ****
Info: Internal Builder is used for build
gcc -O0 -g3 -Wall -c -fmessage-length=0 -o Example4.o "..\\Example4.c" 
..\Example4.c:9:6: warning: return type of 'main' is not 'int' [-Wmain]
 void main ()
      ^~~~
gcc -o ex4.exe Example4.o 
Info: Nothing to build for ex4
Info: Nothing to build for ex1
Info: Nothing to build for ex2
Info: Nothing to build for ex3
21:00:28 **** Incremental Build of configuration Debug for project ex4 ****
Info: Internal Builder is used for build
gcc -O0 -g3 -Wall -c -fmessage-length=0 -o Example4.o "..\\Example4.c" 
..\Example4.c:9:6: warning: return type of 'main' is not 'int' [-Wmain]
 void main ()
      ^~~~
gcc -o ex4.exe Example4.o 
c:/mingw/bin/../lib/gcc/mingw32/6.3.0/../../../../mingw32/bin/ld.exe: cannot open output file ex4.exe: Permission denied
collect2.exe: error: ld returned 1 exit status
Info: Nothing to build for ex1
Info: Nothing to build for ex2
Info: Nothing to build for ex3
21:00:47 **** Incremental Build of configuration Debug for project ex4 ****
Info: Internal Builder is used for build
gcc -o ex4.exe Example4.o 
Info: Nothing to build for ex4
Info: Nothing to build for ex1
Info: Nothing to build for ex2
Info: Nothing to build for ex3
21:02:16 **** Incremental Build of configuration Debug for project ex4 ****
Info: Internal Builder is used for build
gcc -O0 -g3 -Wall -c -fmessage-length=0 -o Example4.o "..\\Example4.c" 
..\Example4.c:9:6: warning: return type of 'main' is not 'int' [-Wmain]
 void main ()
      ^~~~
gcc -o ex4.exe Example4.o 
Info: Nothing to build for ex4
Info: Nothing to build for ex1
Info: Nothing to build for ex2
Info: Nothing to build for ex3
21:02:47 **** Incremental Build of configuration Debug for project ex4 ****
Info: Internal Builder is used for build
gcc -O0 -g3 -Wall -c -fmessage-length=0 -o Example4.o "..\\Example4.c" 
..\Example4.c:9:6: warning: return type of 'main' is not 'int' [-Wmain]
 void main ()
      ^~~~
gcc -o ex4.exe Example4.o 
Info: Nothing to build for ex4
Info: Nothing to build for ex4
Info: Nothing to build for ex1
Info: Nothing to build for ex2
Info: Nothing to build for ex3
21:04:26 **** Incremental Build of configuration Debug for project ex4 ****
Info: Internal Builder is used for build
gcc -O0 -g3 -Wall -c -fmessage-length=0 -o Example4.o "..\\Example4.c" 
..\Example4.c:9:6: warning: return type of 'main' is not 'int' [-Wmain]
 void main ()
      ^~~~
gcc -o ex4.exe Example4.o 
Info: Nothing to build for ex1
Info: Nothing to build for ex2
Info: Nothing to build for ex3
Info: Nothing to build for ex4
Info: Nothing to build for ex4
Info: Nothing to build for ex1
Info: Nothing to build for ex2
Info: Nothing to build for ex3
21:08:22 **** Incremental Build of configuration Debug for project ex4 ****
Info: Internal Builder is used for build
gcc -O0 -g3 -Wall -c -fmessage-length=0 -o Example4.o "..\\Example4.c" 
..\Example4.c:9:6: warning: return type of 'main' is not 'int' [-Wmain]
 void main ()
      ^~~~
gcc -o ex4.exe Example4.o 
Info: Nothing to build for ex4
Info: Nothing to build for ex1
Info: Nothing to build for ex2
Info: Nothing to build for ex3
21:09:37 **** Incremental Build of configuration Debug for project ex4 ****
Info: Internal Builder is used for build
gcc -O0 -g3 -Wall -c -fmessage-length=0 -o Example4.o "..\\Example4.c" 
..\Example4.c:9:6: warning: return type of 'main' is not 'int' [-Wmain]
 void main ()
      ^~~~
gcc -o ex4.exe Example4.o 
Info: Nothing to build for ex4
Info: Nothing to build for ex1
Info: Nothing to build for ex2
Info: Nothing to build for ex3
21:11:43 **** Incremental Build of configuration Debug for project ex4 ****
Info: Internal Builder is used for build
gcc -O0 -g3 -Wall -c -fmessage-length=0 -o Example4.o "..\\Example4.c" 
..\Example4.c:9:6: warning: return type of 'main' is not 'int' [-Wmain]
 void main ()
      ^~~~
gcc -o ex4.exe Example4.o 
Info: Nothing to build for ex4
Info: Nothing to build for ex1
Info: Nothing to build for ex2
Info: Nothing to build for ex3
21:12:26 **** Incremental Build of configuration Debug for project ex4 ****
Info: Internal Builder is used for build
gcc -O0 -g3 -Wall -c -fmessage-length=0 -o Example4.o "..\\Example4.c" 
..\Example4.c:9:6: warning: return type of 'main' is not 'int' [-Wmain]
 void main ()
      ^~~~
gcc -o ex4.exe Example4.o 
Info: Nothing to build for ex1
Info: Nothing to build for ex2
Info: Nothing to build for ex3
Info: Nothing to build for ex4
Info: Nothing to build for ex4
Info: Nothing to build for ex1
Info: Nothing to build for ex2
Info: Nothing to build for ex3
21:13:11 **** Incremental Build of configuration Debug for project ex4 ****
Info: Internal Builder is used for build
gcc -O0 -g3 -Wall -c -fmessage-length=0 -o Example4.o "..\\Example4.c" 
..\Example4.c:9:6: warning: return type of 'main' is not 'int' [-Wmain]
 void main ()
      ^~~~
gcc -o ex4.exe Example4.o 
Info: Nothing to build for ex4
Info: Nothing to build for ex1
Info: Nothing to build for ex2
Info: Nothing to build for ex3
21:13:45 **** Incremental Build of configuration Debug for project ex4 ****
Info: Internal Builder is used for build
gcc -O0 -g3 -Wall -c -fmessage-length=0 -o Example4.o "..\\Example4.c" 
..\Example4.c:9:6: warning: return type of 'main' is not 'int' [-Wmain]
 void main ()
      ^~~~
gcc -o ex4.exe Example4.o 
Info: Nothing to build for ex4
Info: Nothing to build for ex1
Info: Nothing to build for ex2
Info: Nothing to build for ex3
Info: Nothing to build for ex4
Info: Nothing to build for ex1
Info: Nothing to build for ex2
Info: Nothing to build for ex3
21:19:40 **** Incremental Build of configuration Debug for project ex4 ****
Info: Internal Builder is used for build
gcc -O0 -g3 -Wall -c -fmessage-length=0 -o Example4.o "..\\Example4.c" 
..\Example4.c:9:6: warning: return type of 'main' is not 'int' [-Wmain]
 void main ()
      ^~~~
gcc -o ex4.exe Example4.o 
Info: Nothing to build for ex4
Info: Nothing to build for ex4
Info: Nothing to build for ex4
Info: Nothing to build for ex1
Info: Nothing to build for ex2
03:31:02 **** Incremental Build of configuration Debug for project ex3 ****
Info: Internal Builder is used for build
gcc -O0 -g3 -Wall -c -fmessage-length=0 -o Example3.o "..\\Example3.c" 
..\Example3.c:8:6: warning: return type of 'main' is not 'int' [-Wmain]
 void main ()
      ^~~~
gcc -o ex3.exe Example3.o 
Info: Nothing to build for ex4
03:31:03 **** Rebuild of configuration Debug for project ex5 ****
Info: Internal Builder is used for build
gcc -O0 -g3 -Wall -c -fmessage-length=0 -o Example5.o "..\\Example5.c" 
..\Example5.c:8:6: warning: return type of 'main' is not 'int' [-Wmain]
 void main ()
      ^~~~
..\Example5.c: In function 'main':
..\Example5.c:30:5: warning: 'searched_element' may be used uninitialized in this function [-Wmaybe-uninitialized]
   if(array[i]==searched_element)
     ^
gcc -o ex5.exe Example5.o 
Info: Nothing to build for ex1
Info: Nothing to build for ex2
Info: Nothing to build for ex3
Info: Nothing to build for ex4
03:32:37 **** Incremental Build of configuration Debug for project ex5 ****
Info: Internal Builder is used for build
gcc -O0 -g3 -Wall -c -fmessage-length=0 -o Example5.o "..\\Example5.c" 
..\Example5.c:8:6: warning: return type of 'main' is not 'int' [-Wmain]
 void main ()
      ^~~~
..\Example5.c: In function 'main':
..\Example5.c:34:5: warning: 'searched_element' may be used uninitialized in this function [-Wmaybe-uninitialized]
   if(array[i]==searched_element)
     ^
gcc -o ex5.exe Example5.o 
Info: Nothing to build for ex1
Info: Nothing to build for ex2
Info: Nothing to build for ex3
Info: Nothing to build for ex4
03:32:58 **** Incremental Build of configuration Debug for project ex5 ****
Info: Internal Builder is used for build
gcc -O0 -g3 -Wall -c -fmessage-length=0 -o Example5.o "..\\Example5.c" 
..\Example5.c:8:6: warning: return type of 'main' is not 'int' [-Wmain]
 void main ()
      ^~~~
gcc -o ex5.exe Example5.o 
Info: Nothing to build for ex5
Info: Nothing to build for ex5
Info: Nothing to build for ex5
